Copyright 1986-2022 Xilinx, Inc. All Rights Reserved. Copyright 2022-2023 Advanced Micro Devices, Inc. All Rights Reserved.
---------------------------------------------------------------------------------------------------------------------------------------------
| Tool Version : Vivado v.2023.2 (win64) Build 4029153 Fri Oct 13 20:14:34 MDT 2023
| Date         : Thu Nov  7 14:45:13 2024
| Host         : Kailqq running 64-bit major release  (build 9200)
| Command      : report_control_sets -verbose -file CSSTE_control_sets_placed.rpt
| Design       : CSSTE
| Device       : xc7a100t
---------------------------------------------------------------------------------------------------------------------------------------------

Control Set Information

Table of Contents
-----------------
1. Summary
2. Histogram
3. Flip-Flop Distribution
4. Detailed Control Set Information

1. Summary
----------

+----------------------------------------------------------+-------+
|                          Status                          | Count |
+----------------------------------------------------------+-------+
| Total control sets                                       |    62 |
|    Minimum number of control sets                        |    62 |
|    Addition due to synthesis replication                 |     0 |
|    Addition due to physical synthesis replication        |     0 |
| Unused register locations in slices containing registers |    96 |
+----------------------------------------------------------+-------+
* Control sets can be merged at opt_design using control_set_merge or merge_equivalent_drivers
** Run report_qor_suggestions for automated merging and remapping suggestions


2. Histogram
------------

+--------------------+-------+
|       Fanout       | Count |
+--------------------+-------+
| Total control sets |    62 |
| >= 0 to < 4        |     8 |
| >= 4 to < 6        |     1 |
| >= 6 to < 8        |     2 |
| >= 8 to < 10       |     0 |
| >= 10 to < 12      |     1 |
| >= 12 to < 14      |     0 |
| >= 14 to < 16      |     1 |
| >= 16              |    49 |
+--------------------+-------+
* Control sets can be remapped at either synth_design or opt_design


3. Flip-Flop Distribution
-------------------------

+--------------+-----------------------+------------------------+-----------------+--------------+
| Clock Enable | Synchronous Set/Reset | Asynchronous Set/Reset | Total Registers | Total Slices |
+--------------+-----------------------+------------------------+-----------------+--------------+
| No           | No                    | No                     |              73 |           38 |
| No           | No                    | Yes                    |              68 |           25 |
| No           | Yes                   | No                     |              61 |           19 |
| Yes          | No                    | No                     |              96 |           52 |
| Yes          | No                    | Yes                    |            1223 |          511 |
| Yes          | Yes                   | No                     |              79 |           21 |
+--------------+-----------------------+------------------------+-----------------+--------------+


4. Detailed Control Set Information
-----------------------------------

+-----------------------+-----------------------------------------------------------+-----------------------------------------------------------+------------------+----------------+--------------+
|      Clock Signal     |                       Enable Signal                       |                      Set/Reset Signal                     | Slice Load Count | Bel Load Count | Bels / Slice |
+-----------------------+-----------------------------------------------------------+-----------------------------------------------------------+------------------+----------------+--------------+
|  U8/clkdiv_BUFG[9]    |                                                           |                                                           |                1 |              1 |         1.00 |
|  U8/clkdiv_BUFG[9]    |                                                           | U9/rst                                                    |                1 |              1 |         1.00 |
|  U8/clkdiv_BUFG[6]    |                                                           |                                                           |                1 |              1 |         1.00 |
|  U8/clkdiv_BUFG[11]   |                                                           |                                                           |                1 |              1 |         1.00 |
|  U8/clkdiv_BUFG[11]   |                                                           | U9/rst                                                    |                1 |              1 |         1.00 |
|  clk_100mhz_IBUF_BUFG | uart_inst/uart_display/uart_inst/tx_clk[12]_i_1_n_1       |                                                           |                1 |              1 |         1.00 |
|  U8/clkdiv_BUFG[6]    |                                                           | U9/rst                                                    |                2 |              2 |         1.00 |
| ~U8/Clk_CPU_BUFG      |                                                           |                                                           |                3 |              3 |         1.00 |
|  clk_100mhz_IBUF_BUFG |                                                           | uart_inst/uart_display/uart_inst/tx_clk[12]_i_1_n_1       |                4 |              5 |         1.25 |
| ~U8/Clk_CPU_BUFG      | U10/counter_Ctrl                                          | U9/rst                                                    |                2 |              6 |         3.00 |
|  clk_100mhz_IBUF_BUFG | uart_inst/uart_display/FSM_onehot_print_state_reg_n_1_[2] |                                                           |                7 |              7 |         1.00 |
|  clk_100mhz_IBUF_BUFG | uart_inst/uart_display/uart_inst/tx_bits_remaining        |                                                           |                3 |             10 |         3.33 |
|  clk_100mhz_IBUF_BUFG | uart_inst/uart_display/FSM_onehot_print_state[13]_i_1_n_1 |                                                           |                3 |             14 |         4.67 |
|  clk_100mhz_IBUF_BUFG | U9/u1/sw[15]_i_1_n_0                                      |                                                           |                5 |             16 |         3.20 |
|  clk_100mhz_IBUF_BUFG | uart_inst/uart_display/char_wait_count                    | uart_inst/uart_display/FSM_onehot_print_state_reg_n_1_[2] |                5 |             18 |         3.60 |
|  clk_100mhz_IBUF_BUFG |                                                           | uart_inst/uart_display/wait_count                         |                6 |             24 |         4.00 |
|  clk_100mhz_IBUF_BUFG | uart_inst/uart_display/str_idx                            | uart_inst/uart_display/FSM_onehot_print_state_reg_n_1_[1] |                8 |             29 |         3.62 |
|  U8/Clk_CPU_BUFG      | U4/GPIOf0000000_we                                        | U9/rst                                                    |               17 |             31 |         1.82 |
|  clk_100mhz_IBUF_BUFG |                                                           |                                                           |               13 |             31 |         2.38 |
|  U8/Clk_CPU_BUFG      | U1/datapath_inst/U2/Reg_file[11][31]_i_1_n_1              | U9/rst                                                    |               16 |             32 |         2.00 |
|  U8/Clk_CPU_BUFG      | U1/datapath_inst/U2/Reg_file[13][31]_i_1_n_1              | U9/rst                                                    |               16 |             32 |         2.00 |
|  U8/Clk_CPU_BUFG      | U1/datapath_inst/U2/Reg_file[27][31]_i_1_n_1              | U9/rst                                                    |               17 |             32 |         1.88 |
|  U8/Clk_CPU_BUFG      | U1/datapath_inst/U2/Reg_file[30][31]_i_1_n_1              | U9/rst                                                    |               12 |             32 |         2.67 |
|  U8/Clk_CPU_BUFG      | U1/datapath_inst/U2/Reg_file[17][31]_i_1_n_1              | U9/rst                                                    |               10 |             32 |         3.20 |
|  U8/Clk_CPU_BUFG      | U1/datapath_inst/U2/Reg_file[31][31]_i_1_n_1              | U9/rst                                                    |               14 |             32 |         2.29 |
|  U8/Clk_CPU_BUFG      | U1/datapath_inst/U2/Reg_file[7][31]_i_1_n_1               | U9/rst                                                    |               11 |             32 |         2.91 |
|  U8/Clk_CPU_BUFG      | U1/datapath_inst/U2/Reg_file[6][31]_i_1_n_1               | U9/rst                                                    |               10 |             32 |         3.20 |
|  U8/Clk_CPU_BUFG      | U1/datapath_inst/U2/Reg_file[5][31]_i_1_n_1               | U9/rst                                                    |               15 |             32 |         2.13 |
|  U8/Clk_CPU_BUFG      | U1/datapath_inst/U2/Reg_file[9][31]_i_1_n_1               | U9/rst                                                    |               14 |             32 |         2.29 |
|  U8/Clk_CPU_BUFG      | U1/datapath_inst/U2/Reg_file[3][31]_i_1_n_1               | U9/rst                                                    |               14 |             32 |         2.29 |
|  U8/Clk_CPU_BUFG      | U1/datapath_inst/U2/Reg_file[4][31]_i_1_n_1               | U9/rst                                                    |               12 |             32 |         2.67 |
|  U8/Clk_CPU_BUFG      | U1/datapath_inst/U2/Reg_file[8][31]_i_1_n_1               | U9/rst                                                    |               10 |             32 |         3.20 |
|  U8/Clk_CPU_BUFG      |                                                           | U9/rst                                                    |               13 |             32 |         2.46 |
|  U8/Clk_CPU_BUFG      | U1/datapath_inst/U2/Reg_file[10][31]_i_1_n_1              | U9/rst                                                    |               15 |             32 |         2.13 |
| ~U8/Clk_CPU_BUFG      | U10/counter0_Lock                                         | U9/rst                                                    |                9 |             32 |         3.56 |
| ~U8/Clk_CPU_BUFG      | U10/counter1_Lock                                         | U9/rst                                                    |               10 |             32 |         3.20 |
|  U8/Clk_CPU_BUFG      | U1/datapath_inst/U2/Reg_file[24][31]_i_1_n_1              | U9/rst                                                    |               15 |             32 |         2.13 |
| ~U8/Clk_CPU_BUFG      | U10/counter2_Lock                                         | U9/rst                                                    |               14 |             32 |         2.29 |
|  U8/Clk_CPU_BUFG      | U1/datapath_inst/U2/Reg_file[19][31]_i_1_n_1              | U9/rst                                                    |               18 |             32 |         1.78 |
|  U8/Clk_CPU_BUFG      | U1/datapath_inst/U2/Reg_file[26][31]_i_1_n_1              | U9/rst                                                    |               12 |             32 |         2.67 |
|  U8/Clk_CPU_BUFG      | U1/datapath_inst/U2/Reg_file[20][31]_i_1_n_1              | U9/rst                                                    |               17 |             32 |         1.88 |
|  U8/Clk_CPU_BUFG      | U1/datapath_inst/U2/Reg_file[12][31]_i_1_n_1              | U9/rst                                                    |               18 |             32 |         1.78 |
|  U8/clkdiv_BUFG[6]    | U10/counter0[31]                                          | U9/rst                                                    |                9 |             32 |         3.56 |
|  U8/Clk_CPU_BUFG      | U1/datapath_inst/U2/Reg_file[15][31]_i_1_n_1              | U9/rst                                                    |               10 |             32 |         3.20 |
|  U8/Clk_CPU_BUFG      | U1/datapath_inst/U2/Reg_file[28][31]_i_1_n_1              | U9/rst                                                    |               13 |             32 |         2.46 |
|  U8/Clk_CPU_BUFG      | U1/datapath_inst/U2/Reg_file[16][31]_i_1_n_1              | U9/rst                                                    |               13 |             32 |         2.46 |
|  U8/Clk_CPU_BUFG      | U1/datapath_inst/U2/Reg_file[18][31]_i_1_n_1              | U9/rst                                                    |               17 |             32 |         1.88 |
|  clk_100mhz_IBUF_BUFG |                                                           | U9/rst                                                    |                8 |             32 |         4.00 |
|  U8/Clk_CPU_BUFG      | U1/datapath_inst/U2/Reg_file[21][31]_i_1_n_1              | U9/rst                                                    |               16 |             32 |         2.00 |
|  U8/Clk_CPU_BUFG      | U1/datapath_inst/U2/Reg_file[23][31]_i_1_n_1              | U9/rst                                                    |               13 |             32 |         2.46 |
|  clk_100mhz_IBUF_BUFG |                                                           | uart_inst/clock_cnt[31]_i_1_n_1                           |                9 |             32 |         3.56 |
|  clk_100mhz_IBUF_BUFG | U9/u1/sw_counter[0]_i_1_n_0                               | U9/u1/sw_counter0_carry__0_n_2                            |                8 |             32 |         4.00 |
|  U8/Clk_CPU_BUFG      | U1/datapath_inst/U2/Reg_file[14][31]_i_1_n_1              | U9/rst                                                    |               13 |             32 |         2.46 |
|  U8/Clk_CPU_BUFG      | U1/datapath_inst/U2/Reg_file[2][31]_i_1_n_1               | U9/rst                                                    |               13 |             32 |         2.46 |
|  U8/Clk_CPU_BUFG      | U1/datapath_inst/U2/Reg_file[1][31]_i_1_n_1               | U9/rst                                                    |               15 |             32 |         2.13 |
|  U8/Clk_CPU_BUFG      | U1/datapath_inst/U2/Reg_file[22][31]_i_1_n_1              | U9/rst                                                    |               14 |             32 |         2.29 |
|  U8/Clk_CPU_BUFG      | U1/datapath_inst/U2/Reg_file[25][31]_i_1_n_1              | U9/rst                                                    |               12 |             32 |         2.67 |
|  U8/Clk_CPU_BUFG      | U1/datapath_inst/U2/Reg_file[29][31]_i_1_n_1              | U9/rst                                                    |               15 |             32 |         2.13 |
|  U8/clkdiv_BUFG[9]    | U10/counter1[32]_i_1_n_0                                  | U9/rst                                                    |                9 |             33 |         3.67 |
|  U8/clkdiv_BUFG[11]   | U10/counter2[32]_i_1_n_0                                  | U9/rst                                                    |               11 |             33 |         3.00 |
|  n_0_689_BUFG         |                                                           |                                                           |               19 |             36 |         1.89 |
| ~U8/Clk_CPU_BUFG      | U4/GPIOe0000000_we                                        |                                                           |               33 |             48 |         1.45 |
+-----------------------+-----------------------------------------------------------+-----------------------------------------------------------+------------------+----------------+--------------+


